The system is: Linux - 5.15.107+ - x86_64
Compiling the C compiler identification source file "CMakeCCompilerId.c" succeeded.
Compiler: /content/madrona_rl_envs/external/madrona/external/madrona-toolchain/bundled-toolchain/toolchain/bin/clang 
Build flags: 
Id flags:  

The output was:
0


Compilation of the C compiler identification source "CMakeCCompilerId.c" produced "a.out"

The C compiler identification is Clang, found in "/content/madrona_rl_envs/build/CMakeFiles/3.25.2/CompilerIdC/a.out"

Compiling the CXX compiler identification source file "CMakeCXXCompilerId.cpp" succeeded.
Compiler: /content/madrona_rl_envs/external/madrona/external/madrona-toolchain/bundled-toolchain/toolchain/bin/clang++ -nostdlib++
Build flags: 
Id flags:  

The output was:
0


Compilation of the CXX compiler identification source "CMakeCXXCompilerId.cpp" produced "a.out"

The CXX compiler identification is Clang, found in "/content/madrona_rl_envs/build/CMakeFiles/3.25.2/CompilerIdCXX/a.out"

Detecting C compiler ABI info compiled with the following output:
Change Dir: /content/madrona_rl_envs/build/CMakeFiles/CMakeScratch/TryCompile-LHpHKb

Run Build Command(s):/usr/bin/make -f Makefile cmTC_e671a/fast && /usr/bin/make  -f CMakeFiles/cmTC_e671a.dir/build.make CMakeFiles/cmTC_e671a.dir/build
make[1]: Entering directory '/content/madrona_rl_envs/build/CMakeFiles/CMakeScratch/TryCompile-LHpHKb'
Building C object CMakeFiles/cmTC_e671a.dir/CMakeCCompilerABI.c.o
/content/madrona_rl_envs/external/madrona/external/madrona-toolchain/bundled-toolchain/toolchain/bin/clang   -v -MD -MT CMakeFiles/cmTC_e671a.dir/CMakeCCompilerABI.c.o -MF CMakeFiles/cmTC_e671a.dir/CMakeCCompilerABI.c.o.d -o CMakeFiles/cmTC_e671a.dir/CMakeCCompilerABI.c.o -c /usr/local/lib/python3.10/dist-packages/cmake/data/share/cmake-3.25/Modules/CMakeCCompilerABI.c
clang version 15.0.7 (https://github.com/shacklettbp/madrona-toolchain.git c02ecebf9b998a784f5eafaf042c90633b8bd56b)
Target: x86_64-pc-linux-gnu
Thread model: posix
InstalledDir: /content/madrona_rl_envs/external/madrona/external/madrona-toolchain/bundled-toolchain/toolchain/bin
Found candidate GCC installation: /usr/lib/gcc/x86_64-linux-gnu/9
Selected GCC installation: /usr/lib/gcc/x86_64-linux-gnu/9
Candidate multilib: .;@m64
Selected multilib: .;@m64
Found CUDA installation: /usr/local/cuda-12.1, version 
 (in-process)
 "/content/madrona_rl_envs/external/madrona/external/madrona-toolchain/bundled-toolchain/toolchain/bin/clang-15" -cc1 -triple x86_64-pc-linux-gnu -emit-obj -mrelax-all --mrelax-relocations -disable-free -clear-ast-before-backend -disable-llvm-verifier -discard-value-names -main-file-name CMakeCCompilerABI.c -mrelocation-model pic -pic-level 2 -pic-is-pie -mframe-pointer=all -fmath-errno -ffp-contract=on -fno-rounding-math -mconstructor-aliases -funwind-tables=2 -target-cpu x86-64 -tune-cpu generic -mllvm -treat-scalable-fixed-error-as-warning -debugger-tuning=gdb -v -fcoverage-compilation-dir=/content/madrona_rl_envs/build/CMakeFiles/CMakeScratch/TryCompile-LHpHKb -resource-dir /content/madrona_rl_envs/external/madrona/external/madrona-toolchain/bundled-toolchain/toolchain/lib/clang/15.0.7 -dependency-file CMakeFiles/cmTC_e671a.dir/CMakeCCompilerABI.c.o.d -MT CMakeFiles/cmTC_e671a.dir/CMakeCCompilerABI.c.o -sys-header-deps -internal-isystem /content/madrona_rl_envs/external/madrona/external/madrona-toolchain/bundled-toolchain/toolchain/lib/clang/15.0.7/include -internal-isystem /usr/local/include -internal-isystem /usr/lib/gcc/x86_64-linux-gnu/9/../../../../x86_64-linux-gnu/include -internal-externc-isystem /usr/include/x86_64-linux-gnu -internal-externc-isystem /include -internal-externc-isystem /usr/include -fdebug-compilation-dir=/content/madrona_rl_envs/build/CMakeFiles/CMakeScratch/TryCompile-LHpHKb -ferror-limit 19 -fgnuc-version=4.2.1 -faddrsig -D__GCC_HAVE_DWARF2_CFI_ASM=1 -o CMakeFiles/cmTC_e671a.dir/CMakeCCompilerABI.c.o -x c /usr/local/lib/python3.10/dist-packages/cmake/data/share/cmake-3.25/Modules/CMakeCCompilerABI.c
clang -cc1 version 15.0.7 based upon LLVM 15.0.7 default target x86_64-pc-linux-gnu
ignoring nonexistent directory "/usr/lib/gcc/x86_64-linux-gnu/9/../../../../x86_64-linux-gnu/include"
ignoring nonexistent directory "/include"
#include "..." search starts here:
#include <...> search starts here:
 /content/madrona_rl_envs/external/madrona/external/madrona-toolchain/bundled-toolchain/toolchain/lib/clang/15.0.7/include
 /usr/local/include
 /usr/include/x86_64-linux-gnu
 /usr/include
End of search list.
Linking C executable cmTC_e671a
/usr/local/lib/python3.10/dist-packages/cmake/data/bin/cmake -E cmake_link_script CMakeFiles/cmTC_e671a.dir/link.txt --verbose=1
/content/madrona_rl_envs/external/madrona/external/madrona-toolchain/bundled-toolchain/toolchain/bin/clang  -v CMakeFiles/cmTC_e671a.dir/CMakeCCompilerABI.c.o -o cmTC_e671a 
clang version 15.0.7 (https://github.com/shacklettbp/madrona-toolchain.git c02ecebf9b998a784f5eafaf042c90633b8bd56b)
Target: x86_64-pc-linux-gnu
Thread model: posix
InstalledDir: /content/madrona_rl_envs/external/madrona/external/madrona-toolchain/bundled-toolchain/toolchain/bin
Found candidate GCC installation: /usr/lib/gcc/x86_64-linux-gnu/9
Selected GCC installation: /usr/lib/gcc/x86_64-linux-gnu/9
Candidate multilib: .;@m64
Selected multilib: .;@m64
Found CUDA installation: /usr/local/cuda-12.1, version 
 "/content/madrona_rl_envs/external/madrona/external/madrona-toolchain/bundled-toolchain/toolchain/bin/ld.lld" -pie -z relro --hash-style=gnu --eh-frame-hdr -m elf_x86_64 -dynamic-linker /lib64/ld-linux-x86-64.so.2 -o cmTC_e671a /lib/x86_64-linux-gnu/Scrt1.o /lib/x86_64-linux-gnu/crti.o /usr/lib/gcc/x86_64-linux-gnu/9/crtbeginS.o -L/content/madrona_rl_envs/external/madrona/external/madrona-toolchain/bundled-toolchain/toolchain/bin/../lib/x86_64-pc-linux-gnu -L/usr/lib/gcc/x86_64-linux-gnu/9 -L/usr/lib/gcc/x86_64-linux-gnu/9/../../../../lib64 -L/lib/x86_64-linux-gnu -L/lib/../lib64 -L/usr/lib/x86_64-linux-gnu -L/usr/lib/../lib64 -L/lib -L/usr/lib -L/usr/local/cuda/lib64/stubs CMakeFiles/cmTC_e671a.dir/CMakeCCompilerABI.c.o /content/madrona_rl_envs/external/madrona/external/madrona-toolchain/bundled-toolchain/toolchain/lib/clang/15.0.7/lib/x86_64-pc-linux-gnu/libclang_rt.builtins.a --as-needed -lunwind --no-as-needed -lc /content/madrona_rl_envs/external/madrona/external/madrona-toolchain/bundled-toolchain/toolchain/lib/clang/15.0.7/lib/x86_64-pc-linux-gnu/libclang_rt.builtins.a --as-needed -lunwind --no-as-needed /usr/lib/gcc/x86_64-linux-gnu/9/crtendS.o /lib/x86_64-linux-gnu/crtn.o
make[1]: Leaving directory '/content/madrona_rl_envs/build/CMakeFiles/CMakeScratch/TryCompile-LHpHKb'



Parsed C implicit include dir info from above output: rv=done
  found start of include info
  found start of implicit include info
    add: [/content/madrona_rl_envs/external/madrona/external/madrona-toolchain/bundled-toolchain/toolchain/lib/clang/15.0.7/include]
    add: [/usr/local/include]
    add: [/usr/include/x86_64-linux-gnu]
    add: [/usr/include]
  end of search list found
  collapse include dir [/content/madrona_rl_envs/external/madrona/external/madrona-toolchain/bundled-toolchain/toolchain/lib/clang/15.0.7/include] ==> [/content/madrona_rl_envs/external/madrona/external/madrona-toolchain/bundled-toolchain/toolchain/lib/clang/15.0.7/include]
  collapse include dir [/usr/local/include] ==> [/usr/local/include]
  collapse include dir [/usr/include/x86_64-linux-gnu] ==> [/usr/include/x86_64-linux-gnu]
  collapse include dir [/usr/include] ==> [/usr/include]
  implicit include dirs: [/content/madrona_rl_envs/external/madrona/external/madrona-toolchain/bundled-toolchain/toolchain/lib/clang/15.0.7/include;/usr/local/include;/usr/include/x86_64-linux-gnu;/usr/include]


Parsed C implicit link information from above output:
  link line regex: [^( *|.*[/\])(ld\.lld|CMAKE_LINK_STARTFILE-NOTFOUND|([^/\]+-)?ld|collect2)[^/\]*( |$)]
  ignore line: [Change Dir: /content/madrona_rl_envs/build/CMakeFiles/CMakeScratch/TryCompile-LHpHKb]
  ignore line: []
  ignore line: [Run Build Command(s):/usr/bin/make -f Makefile cmTC_e671a/fast && /usr/bin/make  -f CMakeFiles/cmTC_e671a.dir/build.make CMakeFiles/cmTC_e671a.dir/build]
  ignore line: [make[1]: Entering directory '/content/madrona_rl_envs/build/CMakeFiles/CMakeScratch/TryCompile-LHpHKb']
  ignore line: [Building C object CMakeFiles/cmTC_e671a.dir/CMakeCCompilerABI.c.o]
  ignore line: [/content/madrona_rl_envs/external/madrona/external/madrona-toolchain/bundled-toolchain/toolchain/bin/clang   -v -MD -MT CMakeFiles/cmTC_e671a.dir/CMakeCCompilerABI.c.o -MF CMakeFiles/cmTC_e671a.dir/CMakeCCompilerABI.c.o.d -o CMakeFiles/cmTC_e671a.dir/CMakeCCompilerABI.c.o -c /usr/local/lib/python3.10/dist-packages/cmake/data/share/cmake-3.25/Modules/CMakeCCompilerABI.c]
  ignore line: [clang version 15.0.7 (https://github.com/shacklettbp/madrona-toolchain.git c02ecebf9b998a784f5eafaf042c90633b8bd56b)]
  ignore line: [Target: x86_64-pc-linux-gnu]
  ignore line: [Thread model: posix]
  ignore line: [InstalledDir: /content/madrona_rl_envs/external/madrona/external/madrona-toolchain/bundled-toolchain/toolchain/bin]
  ignore line: [Found candidate GCC installation: /usr/lib/gcc/x86_64-linux-gnu/9]
  ignore line: [Selected GCC installation: /usr/lib/gcc/x86_64-linux-gnu/9]
  ignore line: [Candidate multilib: .]
  ignore line: [@m64]
  ignore line: [Selected multilib: .]
  ignore line: [@m64]
  ignore line: [Found CUDA installation: /usr/local/cuda-12.1  version ]
  ignore line: [ (in-process)]
  ignore line: [ "/content/madrona_rl_envs/external/madrona/external/madrona-toolchain/bundled-toolchain/toolchain/bin/clang-15" -cc1 -triple x86_64-pc-linux-gnu -emit-obj -mrelax-all --mrelax-relocations -disable-free -clear-ast-before-backend -disable-llvm-verifier -discard-value-names -main-file-name CMakeCCompilerABI.c -mrelocation-model pic -pic-level 2 -pic-is-pie -mframe-pointer=all -fmath-errno -ffp-contract=on -fno-rounding-math -mconstructor-aliases -funwind-tables=2 -target-cpu x86-64 -tune-cpu generic -mllvm -treat-scalable-fixed-error-as-warning -debugger-tuning=gdb -v -fcoverage-compilation-dir=/content/madrona_rl_envs/build/CMakeFiles/CMakeScratch/TryCompile-LHpHKb -resource-dir /content/madrona_rl_envs/external/madrona/external/madrona-toolchain/bundled-toolchain/toolchain/lib/clang/15.0.7 -dependency-file CMakeFiles/cmTC_e671a.dir/CMakeCCompilerABI.c.o.d -MT CMakeFiles/cmTC_e671a.dir/CMakeCCompilerABI.c.o -sys-header-deps -internal-isystem /content/madrona_rl_envs/external/madrona/external/madrona-toolchain/bundled-toolchain/toolchain/lib/clang/15.0.7/include -internal-isystem /usr/local/include -internal-isystem /usr/lib/gcc/x86_64-linux-gnu/9/../../../../x86_64-linux-gnu/include -internal-externc-isystem /usr/include/x86_64-linux-gnu -internal-externc-isystem /include -internal-externc-isystem /usr/include -fdebug-compilation-dir=/content/madrona_rl_envs/build/CMakeFiles/CMakeScratch/TryCompile-LHpHKb -ferror-limit 19 -fgnuc-version=4.2.1 -faddrsig -D__GCC_HAVE_DWARF2_CFI_ASM=1 -o CMakeFiles/cmTC_e671a.dir/CMakeCCompilerABI.c.o -x c /usr/local/lib/python3.10/dist-packages/cmake/data/share/cmake-3.25/Modules/CMakeCCompilerABI.c]
  ignore line: [clang -cc1 version 15.0.7 based upon LLVM 15.0.7 default target x86_64-pc-linux-gnu]
  ignore line: [ignoring nonexistent directory "/usr/lib/gcc/x86_64-linux-gnu/9/../../../../x86_64-linux-gnu/include"]
  ignore line: [ignoring nonexistent directory "/include"]
  ignore line: [#include "..." search starts here:]
  ignore line: [#include <...> search starts here:]
  ignore line: [ /content/madrona_rl_envs/external/madrona/external/madrona-toolchain/bundled-toolchain/toolchain/lib/clang/15.0.7/include]
  ignore line: [ /usr/local/include]
  ignore line: [ /usr/include/x86_64-linux-gnu]
  ignore line: [ /usr/include]
  ignore line: [End of search list.]
  ignore line: [Linking C executable cmTC_e671a]
  ignore line: [/usr/local/lib/python3.10/dist-packages/cmake/data/bin/cmake -E cmake_link_script CMakeFiles/cmTC_e671a.dir/link.txt --verbose=1]
  ignore line: [/content/madrona_rl_envs/external/madrona/external/madrona-toolchain/bundled-toolchain/toolchain/bin/clang  -v CMakeFiles/cmTC_e671a.dir/CMakeCCompilerABI.c.o -o cmTC_e671a ]
  ignore line: [clang version 15.0.7 (https://github.com/shacklettbp/madrona-toolchain.git c02ecebf9b998a784f5eafaf042c90633b8bd56b)]
  ignore line: [Target: x86_64-pc-linux-gnu]
  ignore line: [Thread model: posix]
  ignore line: [InstalledDir: /content/madrona_rl_envs/external/madrona/external/madrona-toolchain/bundled-toolchain/toolchain/bin]
  ignore line: [Found candidate GCC installation: /usr/lib/gcc/x86_64-linux-gnu/9]
  ignore line: [Selected GCC installation: /usr/lib/gcc/x86_64-linux-gnu/9]
  ignore line: [Candidate multilib: .]
  ignore line: [@m64]
  ignore line: [Selected multilib: .]
  ignore line: [@m64]
  ignore line: [Found CUDA installation: /usr/local/cuda-12.1  version ]
  link line: [ "/content/madrona_rl_envs/external/madrona/external/madrona-toolchain/bundled-toolchain/toolchain/bin/ld.lld" -pie -z relro --hash-style=gnu --eh-frame-hdr -m elf_x86_64 -dynamic-linker /lib64/ld-linux-x86-64.so.2 -o cmTC_e671a /lib/x86_64-linux-gnu/Scrt1.o /lib/x86_64-linux-gnu/crti.o /usr/lib/gcc/x86_64-linux-gnu/9/crtbeginS.o -L/content/madrona_rl_envs/external/madrona/external/madrona-toolchain/bundled-toolchain/toolchain/bin/../lib/x86_64-pc-linux-gnu -L/usr/lib/gcc/x86_64-linux-gnu/9 -L/usr/lib/gcc/x86_64-linux-gnu/9/../../../../lib64 -L/lib/x86_64-linux-gnu -L/lib/../lib64 -L/usr/lib/x86_64-linux-gnu -L/usr/lib/../lib64 -L/lib -L/usr/lib -L/usr/local/cuda/lib64/stubs CMakeFiles/cmTC_e671a.dir/CMakeCCompilerABI.c.o /content/madrona_rl_envs/external/madrona/external/madrona-toolchain/bundled-toolchain/toolchain/lib/clang/15.0.7/lib/x86_64-pc-linux-gnu/libclang_rt.builtins.a --as-needed -lunwind --no-as-needed -lc /content/madrona_rl_envs/external/madrona/external/madrona-toolchain/bundled-toolchain/toolchain/lib/clang/15.0.7/lib/x86_64-pc-linux-gnu/libclang_rt.builtins.a --as-needed -lunwind --no-as-needed /usr/lib/gcc/x86_64-linux-gnu/9/crtendS.o /lib/x86_64-linux-gnu/crtn.o]
    arg [/content/madrona_rl_envs/external/madrona/external/madrona-toolchain/bundled-toolchain/toolchain/bin/ld.lld] ==> ignore
    arg [-pie] ==> ignore
    arg [-zrelro] ==> ignore
    arg [--hash-style=gnu] ==> ignore
    arg [--eh-frame-hdr] ==> ignore
    arg [-m] ==> ignore
    arg [elf_x86_64] ==> ignore
    arg [-dynamic-linker] ==> ignore
    arg [/lib64/ld-linux-x86-64.so.2] ==> ignore
    arg [-o] ==> ignore
    arg [cmTC_e671a] ==> ignore
    arg [/lib/x86_64-linux-gnu/Scrt1.o] ==> obj [/lib/x86_64-linux-gnu/Scrt1.o]
    arg [/lib/x86_64-linux-gnu/crti.o] ==> obj [/lib/x86_64-linux-gnu/crti.o]
    arg [/usr/lib/gcc/x86_64-linux-gnu/9/crtbeginS.o] ==> obj [/usr/lib/gcc/x86_64-linux-gnu/9/crtbeginS.o]
    arg [-L/content/madrona_rl_envs/external/madrona/external/madrona-toolchain/bundled-toolchain/toolchain/bin/../lib/x86_64-pc-linux-gnu] ==> dir [/content/madrona_rl_envs/external/madrona/external/madrona-toolchain/bundled-toolchain/toolchain/bin/../lib/x86_64-pc-linux-gnu]
    arg [-L/usr/lib/gcc/x86_64-linux-gnu/9] ==> dir [/usr/lib/gcc/x86_64-linux-gnu/9]
    arg [-L/usr/lib/gcc/x86_64-linux-gnu/9/../../../../lib64] ==> dir [/usr/lib/gcc/x86_64-linux-gnu/9/../../../../lib64]
    arg [-L/lib/x86_64-linux-gnu] ==> dir [/lib/x86_64-linux-gnu]
    arg [-L/lib/../lib64] ==> dir [/lib/../lib64]
    arg [-L/usr/lib/x86_64-linux-gnu] ==> dir [/usr/lib/x86_64-linux-gnu]
    arg [-L/usr/lib/../lib64] ==> dir [/usr/lib/../lib64]
    arg [-L/lib] ==> dir [/lib]
    arg [-L/usr/lib] ==> dir [/usr/lib]
    arg [-L/usr/local/cuda/lib64/stubs] ==> dir [/usr/local/cuda/lib64/stubs]
    arg [CMakeFiles/cmTC_e671a.dir/CMakeCCompilerABI.c.o] ==> ignore
    arg [/content/madrona_rl_envs/external/madrona/external/madrona-toolchain/bundled-toolchain/toolchain/lib/clang/15.0.7/lib/x86_64-pc-linux-gnu/libclang_rt.builtins.a] ==> lib [/content/madrona_rl_envs/external/madrona/external/madrona-toolchain/bundled-toolchain/toolchain/lib/clang/15.0.7/lib/x86_64-pc-linux-gnu/libclang_rt.builtins.a]
    arg [--as-needed] ==> ignore
    arg [-lunwind] ==> lib [unwind]
    arg [--no-as-needed] ==> ignore
    arg [-lc] ==> lib [c]
    arg [/content/madrona_rl_envs/external/madrona/external/madrona-toolchain/bundled-toolchain/toolchain/lib/clang/15.0.7/lib/x86_64-pc-linux-gnu/libclang_rt.builtins.a] ==> lib [/content/madrona_rl_envs/external/madrona/external/madrona-toolchain/bundled-toolchain/toolchain/lib/clang/15.0.7/lib/x86_64-pc-linux-gnu/libclang_rt.builtins.a]
    arg [--as-needed] ==> ignore
    arg [-lunwind] ==> lib [unwind]
    arg [--no-as-needed] ==> ignore
    arg [/usr/lib/gcc/x86_64-linux-gnu/9/crtendS.o] ==> obj [/usr/lib/gcc/x86_64-linux-gnu/9/crtendS.o]
    arg [/lib/x86_64-linux-gnu/crtn.o] ==> obj [/lib/x86_64-linux-gnu/crtn.o]
  remove lib [/content/madrona_rl_envs/external/madrona/external/madrona-toolchain/bundled-toolchain/toolchain/lib/clang/15.0.7/lib/x86_64-pc-linux-gnu/libclang_rt.builtins.a]
  remove lib [/content/madrona_rl_envs/external/madrona/external/madrona-toolchain/bundled-toolchain/toolchain/lib/clang/15.0.7/lib/x86_64-pc-linux-gnu/libclang_rt.builtins.a]
  collapse library dir [/content/madrona_rl_envs/external/madrona/external/madrona-toolchain/bundled-toolchain/toolchain/bin/../lib/x86_64-pc-linux-gnu] ==> [/content/madrona_rl_envs/external/madrona/external/madrona-toolchain/bundled-toolchain/toolchain/lib/x86_64-pc-linux-gnu]
  collapse library dir [/usr/lib/gcc/x86_64-linux-gnu/9] ==> [/usr/lib/gcc/x86_64-linux-gnu/9]
  collapse library dir [/usr/lib/gcc/x86_64-linux-gnu/9/../../../../lib64] ==> [/usr/lib64]
  collapse library dir [/lib/x86_64-linux-gnu] ==> [/lib/x86_64-linux-gnu]
  collapse library dir [/lib/../lib64] ==> [/lib64]
  collapse library dir [/usr/lib/x86_64-linux-gnu] ==> [/usr/lib/x86_64-linux-gnu]
  collapse library dir [/usr/lib/../lib64] ==> [/usr/lib64]
  collapse library dir [/lib] ==> [/lib]
  collapse library dir [/usr/lib] ==> [/usr/lib]
  collapse library dir [/usr/local/cuda/lib64/stubs] ==> [/usr/local/cuda/lib64/stubs]
  implicit libs: [unwind;c;unwind]
  implicit objs: [/lib/x86_64-linux-gnu/Scrt1.o;/lib/x86_64-linux-gnu/crti.o;/usr/lib/gcc/x86_64-linux-gnu/9/crtbeginS.o;/usr/lib/gcc/x86_64-linux-gnu/9/crtendS.o;/lib/x86_64-linux-gnu/crtn.o]
  implicit dirs: [/content/madrona_rl_envs/external/madrona/external/madrona-toolchain/bundled-toolchain/toolchain/lib/x86_64-pc-linux-gnu;/usr/lib/gcc/x86_64-linux-gnu/9;/usr/lib64;/lib/x86_64-linux-gnu;/lib64;/usr/lib/x86_64-linux-gnu;/lib;/usr/lib;/usr/local/cuda/lib64/stubs]
  implicit fwks: []


Detecting CXX compiler ABI info compiled with the following output:
Change Dir: /content/madrona_rl_envs/build/CMakeFiles/CMakeScratch/TryCompile-tsg4Wc

Run Build Command(s):/usr/bin/make -f Makefile cmTC_ad4b8/fast && /usr/bin/make  -f CMakeFiles/cmTC_ad4b8.dir/build.make CMakeFiles/cmTC_ad4b8.dir/build
make[1]: Entering directory '/content/madrona_rl_envs/build/CMakeFiles/CMakeScratch/TryCompile-tsg4Wc'
Building CXX object CMakeFiles/cmTC_ad4b8.dir/CMakeCXXCompilerABI.cpp.o
/content/madrona_rl_envs/external/madrona/external/madrona-toolchain/bundled-toolchain/toolchain/bin/clang++ -nostdlib++   -v -MD -MT CMakeFiles/cmTC_ad4b8.dir/CMakeCXXCompilerABI.cpp.o -MF CMakeFiles/cmTC_ad4b8.dir/CMakeCXXCompilerABI.cpp.o.d -o CMakeFiles/cmTC_ad4b8.dir/CMakeCXXCompilerABI.cpp.o -c /usr/local/lib/python3.10/dist-packages/cmake/data/share/cmake-3.25/Modules/CMakeCXXCompilerABI.cpp
clang version 15.0.7 (https://github.com/shacklettbp/madrona-toolchain.git c02ecebf9b998a784f5eafaf042c90633b8bd56b)
Target: x86_64-pc-linux-gnu
Thread model: posix
InstalledDir: /content/madrona_rl_envs/external/madrona/external/madrona-toolchain/bundled-toolchain/toolchain/bin
Found candidate GCC installation: /usr/lib/gcc/x86_64-linux-gnu/9
Selected GCC installation: /usr/lib/gcc/x86_64-linux-gnu/9
Candidate multilib: .;@m64
Selected multilib: .;@m64
Found CUDA installation: /usr/local/cuda-12.1, version 
 (in-process)
 "/content/madrona_rl_envs/external/madrona/external/madrona-toolchain/bundled-toolchain/toolchain/bin/clang-15" -cc1 -triple x86_64-pc-linux-gnu -emit-obj -mrelax-all --mrelax-relocations -disable-free -clear-ast-before-backend -disable-llvm-verifier -discard-value-names -main-file-name CMakeCXXCompilerABI.cpp -mrelocation-model pic -pic-level 2 -pic-is-pie -mframe-pointer=all -fmath-errno -ffp-contract=on -fno-rounding-math -mconstructor-aliases -funwind-tables=2 -target-cpu x86-64 -tune-cpu generic -mllvm -treat-scalable-fixed-error-as-warning -debugger-tuning=gdb -v -fcoverage-compilation-dir=/content/madrona_rl_envs/build/CMakeFiles/CMakeScratch/TryCompile-tsg4Wc -resource-dir /content/madrona_rl_envs/external/madrona/external/madrona-toolchain/bundled-toolchain/toolchain/lib/clang/15.0.7 -dependency-file CMakeFiles/cmTC_ad4b8.dir/CMakeCXXCompilerABI.cpp.o.d -MT CMakeFiles/cmTC_ad4b8.dir/CMakeCXXCompilerABI.cpp.o -sys-header-deps -internal-isystem /content/madrona_rl_envs/external/madrona/external/madrona-toolchain/bundled-toolchain/toolchain/lib/clang/15.0.7/include -internal-isystem /usr/local/include -internal-isystem /usr/lib/gcc/x86_64-linux-gnu/9/../../../../x86_64-linux-gnu/include -internal-externc-isystem /usr/include/x86_64-linux-gnu -internal-externc-isystem /include -internal-externc-isystem /usr/include -fdeprecated-macro -fdebug-compilation-dir=/content/madrona_rl_envs/build/CMakeFiles/CMakeScratch/TryCompile-tsg4Wc -ferror-limit 19 -fgnuc-version=4.2.1 -fcxx-exceptions -fexceptions -faddrsig -D__GCC_HAVE_DWARF2_CFI_ASM=1 -o CMakeFiles/cmTC_ad4b8.dir/CMakeCXXCompilerABI.cpp.o -x c++ /usr/local/lib/python3.10/dist-packages/cmake/data/share/cmake-3.25/Modules/CMakeCXXCompilerABI.cpp
clang -cc1 version 15.0.7 based upon LLVM 15.0.7 default target x86_64-pc-linux-gnu
ignoring nonexistent directory "/usr/lib/gcc/x86_64-linux-gnu/9/../../../../x86_64-linux-gnu/include"
ignoring nonexistent directory "/include"
#include "..." search starts here:
#include <...> search starts here:
 /content/madrona_rl_envs/external/madrona/external/madrona-toolchain/bundled-toolchain/toolchain/lib/clang/15.0.7/include
 /usr/local/include
 /usr/include/x86_64-linux-gnu
 /usr/include
End of search list.
Linking CXX executable cmTC_ad4b8
/usr/local/lib/python3.10/dist-packages/cmake/data/bin/cmake -E cmake_link_script CMakeFiles/cmTC_ad4b8.dir/link.txt --verbose=1
/content/madrona_rl_envs/external/madrona/external/madrona-toolchain/bundled-toolchain/toolchain/bin/clang++ -nostdlib++  -v CMakeFiles/cmTC_ad4b8.dir/CMakeCXXCompilerABI.cpp.o -o cmTC_ad4b8 
clang version 15.0.7 (https://github.com/shacklettbp/madrona-toolchain.git c02ecebf9b998a784f5eafaf042c90633b8bd56b)
Target: x86_64-pc-linux-gnu
Thread model: posix
InstalledDir: /content/madrona_rl_envs/external/madrona/external/madrona-toolchain/bundled-toolchain/toolchain/bin
Found candidate GCC installation: /usr/lib/gcc/x86_64-linux-gnu/9
Selected GCC installation: /usr/lib/gcc/x86_64-linux-gnu/9
Candidate multilib: .;@m64
Selected multilib: .;@m64
Found CUDA installation: /usr/local/cuda-12.1, version 
 "/content/madrona_rl_envs/external/madrona/external/madrona-toolchain/bundled-toolchain/toolchain/bin/ld.lld" -pie -z relro --hash-style=gnu --eh-frame-hdr -m elf_x86_64 -dynamic-linker /lib64/ld-linux-x86-64.so.2 -o cmTC_ad4b8 /lib/x86_64-linux-gnu/Scrt1.o /lib/x86_64-linux-gnu/crti.o /usr/lib/gcc/x86_64-linux-gnu/9/crtbeginS.o -L/content/madrona_rl_envs/external/madrona/external/madrona-toolchain/bundled-toolchain/toolchain/bin/../lib/x86_64-pc-linux-gnu -L/usr/lib/gcc/x86_64-linux-gnu/9 -L/usr/lib/gcc/x86_64-linux-gnu/9/../../../../lib64 -L/lib/x86_64-linux-gnu -L/lib/../lib64 -L/usr/lib/x86_64-linux-gnu -L/usr/lib/../lib64 -L/lib -L/usr/lib -L/usr/local/cuda/lib64/stubs CMakeFiles/cmTC_ad4b8.dir/CMakeCXXCompilerABI.cpp.o -lm /content/madrona_rl_envs/external/madrona/external/madrona-toolchain/bundled-toolchain/toolchain/lib/clang/15.0.7/lib/x86_64-pc-linux-gnu/libclang_rt.builtins.a --as-needed -lunwind --no-as-needed -lc /content/madrona_rl_envs/external/madrona/external/madrona-toolchain/bundled-toolchain/toolchain/lib/clang/15.0.7/lib/x86_64-pc-linux-gnu/libclang_rt.builtins.a --as-needed -lunwind --no-as-needed /usr/lib/gcc/x86_64-linux-gnu/9/crtendS.o /lib/x86_64-linux-gnu/crtn.o
make[1]: Leaving directory '/content/madrona_rl_envs/build/CMakeFiles/CMakeScratch/TryCompile-tsg4Wc'



Parsed CXX implicit include dir info from above output: rv=done
  found start of include info
  found start of implicit include info
    add: [/content/madrona_rl_envs/external/madrona/external/madrona-toolchain/bundled-toolchain/toolchain/lib/clang/15.0.7/include]
    add: [/usr/local/include]
    add: [/usr/include/x86_64-linux-gnu]
    add: [/usr/include]
  end of search list found
  collapse include dir [/content/madrona_rl_envs/external/madrona/external/madrona-toolchain/bundled-toolchain/toolchain/lib/clang/15.0.7/include] ==> [/content/madrona_rl_envs/external/madrona/external/madrona-toolchain/bundled-toolchain/toolchain/lib/clang/15.0.7/include]
  collapse include dir [/usr/local/include] ==> [/usr/local/include]
  collapse include dir [/usr/include/x86_64-linux-gnu] ==> [/usr/include/x86_64-linux-gnu]
  collapse include dir [/usr/include] ==> [/usr/include]
  implicit include dirs: [/content/madrona_rl_envs/external/madrona/external/madrona-toolchain/bundled-toolchain/toolchain/lib/clang/15.0.7/include;/usr/local/include;/usr/include/x86_64-linux-gnu;/usr/include]


Parsed CXX implicit link information from above output:
  link line regex: [^( *|.*[/\])(ld\.lld|CMAKE_LINK_STARTFILE-NOTFOUND|([^/\]+-)?ld|collect2)[^/\]*( |$)]
  ignore line: [Change Dir: /content/madrona_rl_envs/build/CMakeFiles/CMakeScratch/TryCompile-tsg4Wc]
  ignore line: []
  ignore line: [Run Build Command(s):/usr/bin/make -f Makefile cmTC_ad4b8/fast && /usr/bin/make  -f CMakeFiles/cmTC_ad4b8.dir/build.make CMakeFiles/cmTC_ad4b8.dir/build]
  ignore line: [make[1]: Entering directory '/content/madrona_rl_envs/build/CMakeFiles/CMakeScratch/TryCompile-tsg4Wc']
  ignore line: [Building CXX object CMakeFiles/cmTC_ad4b8.dir/CMakeCXXCompilerABI.cpp.o]
  ignore line: [/content/madrona_rl_envs/external/madrona/external/madrona-toolchain/bundled-toolchain/toolchain/bin/clang++ -nostdlib++   -v -MD -MT CMakeFiles/cmTC_ad4b8.dir/CMakeCXXCompilerABI.cpp.o -MF CMakeFiles/cmTC_ad4b8.dir/CMakeCXXCompilerABI.cpp.o.d -o CMakeFiles/cmTC_ad4b8.dir/CMakeCXXCompilerABI.cpp.o -c /usr/local/lib/python3.10/dist-packages/cmake/data/share/cmake-3.25/Modules/CMakeCXXCompilerABI.cpp]
  ignore line: [clang version 15.0.7 (https://github.com/shacklettbp/madrona-toolchain.git c02ecebf9b998a784f5eafaf042c90633b8bd56b)]
  ignore line: [Target: x86_64-pc-linux-gnu]
  ignore line: [Thread model: posix]
  ignore line: [InstalledDir: /content/madrona_rl_envs/external/madrona/external/madrona-toolchain/bundled-toolchain/toolchain/bin]
  ignore line: [Found candidate GCC installation: /usr/lib/gcc/x86_64-linux-gnu/9]
  ignore line: [Selected GCC installation: /usr/lib/gcc/x86_64-linux-gnu/9]
  ignore line: [Candidate multilib: .]
  ignore line: [@m64]
  ignore line: [Selected multilib: .]
  ignore line: [@m64]
  ignore line: [Found CUDA installation: /usr/local/cuda-12.1  version ]
  ignore line: [ (in-process)]
  ignore line: [ "/content/madrona_rl_envs/external/madrona/external/madrona-toolchain/bundled-toolchain/toolchain/bin/clang-15" -cc1 -triple x86_64-pc-linux-gnu -emit-obj -mrelax-all --mrelax-relocations -disable-free -clear-ast-before-backend -disable-llvm-verifier -discard-value-names -main-file-name CMakeCXXCompilerABI.cpp -mrelocation-model pic -pic-level 2 -pic-is-pie -mframe-pointer=all -fmath-errno -ffp-contract=on -fno-rounding-math -mconstructor-aliases -funwind-tables=2 -target-cpu x86-64 -tune-cpu generic -mllvm -treat-scalable-fixed-error-as-warning -debugger-tuning=gdb -v -fcoverage-compilation-dir=/content/madrona_rl_envs/build/CMakeFiles/CMakeScratch/TryCompile-tsg4Wc -resource-dir /content/madrona_rl_envs/external/madrona/external/madrona-toolchain/bundled-toolchain/toolchain/lib/clang/15.0.7 -dependency-file CMakeFiles/cmTC_ad4b8.dir/CMakeCXXCompilerABI.cpp.o.d -MT CMakeFiles/cmTC_ad4b8.dir/CMakeCXXCompilerABI.cpp.o -sys-header-deps -internal-isystem /content/madrona_rl_envs/external/madrona/external/madrona-toolchain/bundled-toolchain/toolchain/lib/clang/15.0.7/include -internal-isystem /usr/local/include -internal-isystem /usr/lib/gcc/x86_64-linux-gnu/9/../../../../x86_64-linux-gnu/include -internal-externc-isystem /usr/include/x86_64-linux-gnu -internal-externc-isystem /include -internal-externc-isystem /usr/include -fdeprecated-macro -fdebug-compilation-dir=/content/madrona_rl_envs/build/CMakeFiles/CMakeScratch/TryCompile-tsg4Wc -ferror-limit 19 -fgnuc-version=4.2.1 -fcxx-exceptions -fexceptions -faddrsig -D__GCC_HAVE_DWARF2_CFI_ASM=1 -o CMakeFiles/cmTC_ad4b8.dir/CMakeCXXCompilerABI.cpp.o -x c++ /usr/local/lib/python3.10/dist-packages/cmake/data/share/cmake-3.25/Modules/CMakeCXXCompilerABI.cpp]
  ignore line: [clang -cc1 version 15.0.7 based upon LLVM 15.0.7 default target x86_64-pc-linux-gnu]
  ignore line: [ignoring nonexistent directory "/usr/lib/gcc/x86_64-linux-gnu/9/../../../../x86_64-linux-gnu/include"]
  ignore line: [ignoring nonexistent directory "/include"]
  ignore line: [#include "..." search starts here:]
  ignore line: [#include <...> search starts here:]
  ignore line: [ /content/madrona_rl_envs/external/madrona/external/madrona-toolchain/bundled-toolchain/toolchain/lib/clang/15.0.7/include]
  ignore line: [ /usr/local/include]
  ignore line: [ /usr/include/x86_64-linux-gnu]
  ignore line: [ /usr/include]
  ignore line: [End of search list.]
  ignore line: [Linking CXX executable cmTC_ad4b8]
  ignore line: [/usr/local/lib/python3.10/dist-packages/cmake/data/bin/cmake -E cmake_link_script CMakeFiles/cmTC_ad4b8.dir/link.txt --verbose=1]
  ignore line: [/content/madrona_rl_envs/external/madrona/external/madrona-toolchain/bundled-toolchain/toolchain/bin/clang++ -nostdlib++  -v CMakeFiles/cmTC_ad4b8.dir/CMakeCXXCompilerABI.cpp.o -o cmTC_ad4b8 ]
  ignore line: [clang version 15.0.7 (https://github.com/shacklettbp/madrona-toolchain.git c02ecebf9b998a784f5eafaf042c90633b8bd56b)]
  ignore line: [Target: x86_64-pc-linux-gnu]
  ignore line: [Thread model: posix]
  ignore line: [InstalledDir: /content/madrona_rl_envs/external/madrona/external/madrona-toolchain/bundled-toolchain/toolchain/bin]
  ignore line: [Found candidate GCC installation: /usr/lib/gcc/x86_64-linux-gnu/9]
  ignore line: [Selected GCC installation: /usr/lib/gcc/x86_64-linux-gnu/9]
  ignore line: [Candidate multilib: .]
  ignore line: [@m64]
  ignore line: [Selected multilib: .]
  ignore line: [@m64]
  ignore line: [Found CUDA installation: /usr/local/cuda-12.1  version ]
  link line: [ "/content/madrona_rl_envs/external/madrona/external/madrona-toolchain/bundled-toolchain/toolchain/bin/ld.lld" -pie -z relro --hash-style=gnu --eh-frame-hdr -m elf_x86_64 -dynamic-linker /lib64/ld-linux-x86-64.so.2 -o cmTC_ad4b8 /lib/x86_64-linux-gnu/Scrt1.o /lib/x86_64-linux-gnu/crti.o /usr/lib/gcc/x86_64-linux-gnu/9/crtbeginS.o -L/content/madrona_rl_envs/external/madrona/external/madrona-toolchain/bundled-toolchain/toolchain/bin/../lib/x86_64-pc-linux-gnu -L/usr/lib/gcc/x86_64-linux-gnu/9 -L/usr/lib/gcc/x86_64-linux-gnu/9/../../../../lib64 -L/lib/x86_64-linux-gnu -L/lib/../lib64 -L/usr/lib/x86_64-linux-gnu -L/usr/lib/../lib64 -L/lib -L/usr/lib -L/usr/local/cuda/lib64/stubs CMakeFiles/cmTC_ad4b8.dir/CMakeCXXCompilerABI.cpp.o -lm /content/madrona_rl_envs/external/madrona/external/madrona-toolchain/bundled-toolchain/toolchain/lib/clang/15.0.7/lib/x86_64-pc-linux-gnu/libclang_rt.builtins.a --as-needed -lunwind --no-as-needed -lc /content/madrona_rl_envs/external/madrona/external/madrona-toolchain/bundled-toolchain/toolchain/lib/clang/15.0.7/lib/x86_64-pc-linux-gnu/libclang_rt.builtins.a --as-needed -lunwind --no-as-needed /usr/lib/gcc/x86_64-linux-gnu/9/crtendS.o /lib/x86_64-linux-gnu/crtn.o]
    arg [/content/madrona_rl_envs/external/madrona/external/madrona-toolchain/bundled-toolchain/toolchain/bin/ld.lld] ==> ignore
    arg [-pie] ==> ignore
    arg [-zrelro] ==> ignore
    arg [--hash-style=gnu] ==> ignore
    arg [--eh-frame-hdr] ==> ignore
    arg [-m] ==> ignore
    arg [elf_x86_64] ==> ignore
    arg [-dynamic-linker] ==> ignore
    arg [/lib64/ld-linux-x86-64.so.2] ==> ignore
    arg [-o] ==> ignore
    arg [cmTC_ad4b8] ==> ignore
    arg [/lib/x86_64-linux-gnu/Scrt1.o] ==> obj [/lib/x86_64-linux-gnu/Scrt1.o]
    arg [/lib/x86_64-linux-gnu/crti.o] ==> obj [/lib/x86_64-linux-gnu/crti.o]
    arg [/usr/lib/gcc/x86_64-linux-gnu/9/crtbeginS.o] ==> obj [/usr/lib/gcc/x86_64-linux-gnu/9/crtbeginS.o]
    arg [-L/content/madrona_rl_envs/external/madrona/external/madrona-toolchain/bundled-toolchain/toolchain/bin/../lib/x86_64-pc-linux-gnu] ==> dir [/content/madrona_rl_envs/external/madrona/external/madrona-toolchain/bundled-toolchain/toolchain/bin/../lib/x86_64-pc-linux-gnu]
    arg [-L/usr/lib/gcc/x86_64-linux-gnu/9] ==> dir [/usr/lib/gcc/x86_64-linux-gnu/9]
    arg [-L/usr/lib/gcc/x86_64-linux-gnu/9/../../../../lib64] ==> dir [/usr/lib/gcc/x86_64-linux-gnu/9/../../../../lib64]
    arg [-L/lib/x86_64-linux-gnu] ==> dir [/lib/x86_64-linux-gnu]
    arg [-L/lib/../lib64] ==> dir [/lib/../lib64]
    arg [-L/usr/lib/x86_64-linux-gnu] ==> dir [/usr/lib/x86_64-linux-gnu]
    arg [-L/usr/lib/../lib64] ==> dir [/usr/lib/../lib64]
    arg [-L/lib] ==> dir [/lib]
    arg [-L/usr/lib] ==> dir [/usr/lib]
    arg [-L/usr/local/cuda/lib64/stubs] ==> dir [/usr/local/cuda/lib64/stubs]
    arg [CMakeFiles/cmTC_ad4b8.dir/CMakeCXXCompilerABI.cpp.o] ==> ignore
    arg [-lm] ==> lib [m]
    arg [/content/madrona_rl_envs/external/madrona/external/madrona-toolchain/bundled-toolchain/toolchain/lib/clang/15.0.7/lib/x86_64-pc-linux-gnu/libclang_rt.builtins.a] ==> lib [/content/madrona_rl_envs/external/madrona/external/madrona-toolchain/bundled-toolchain/toolchain/lib/clang/15.0.7/lib/x86_64-pc-linux-gnu/libclang_rt.builtins.a]
    arg [--as-needed] ==> ignore
    arg [-lunwind] ==> lib [unwind]
    arg [--no-as-needed] ==> ignore
    arg [-lc] ==> lib [c]
    arg [/content/madrona_rl_envs/external/madrona/external/madrona-toolchain/bundled-toolchain/toolchain/lib/clang/15.0.7/lib/x86_64-pc-linux-gnu/libclang_rt.builtins.a] ==> lib [/content/madrona_rl_envs/external/madrona/external/madrona-toolchain/bundled-toolchain/toolchain/lib/clang/15.0.7/lib/x86_64-pc-linux-gnu/libclang_rt.builtins.a]
    arg [--as-needed] ==> ignore
    arg [-lunwind] ==> lib [unwind]
    arg [--no-as-needed] ==> ignore
    arg [/usr/lib/gcc/x86_64-linux-gnu/9/crtendS.o] ==> obj [/usr/lib/gcc/x86_64-linux-gnu/9/crtendS.o]
    arg [/lib/x86_64-linux-gnu/crtn.o] ==> obj [/lib/x86_64-linux-gnu/crtn.o]
  remove lib [/content/madrona_rl_envs/external/madrona/external/madrona-toolchain/bundled-toolchain/toolchain/lib/clang/15.0.7/lib/x86_64-pc-linux-gnu/libclang_rt.builtins.a]
  remove lib [/content/madrona_rl_envs/external/madrona/external/madrona-toolchain/bundled-toolchain/toolchain/lib/clang/15.0.7/lib/x86_64-pc-linux-gnu/libclang_rt.builtins.a]
  collapse library dir [/content/madrona_rl_envs/external/madrona/external/madrona-toolchain/bundled-toolchain/toolchain/bin/../lib/x86_64-pc-linux-gnu] ==> [/content/madrona_rl_envs/external/madrona/external/madrona-toolchain/bundled-toolchain/toolchain/lib/x86_64-pc-linux-gnu]
  collapse library dir [/usr/lib/gcc/x86_64-linux-gnu/9] ==> [/usr/lib/gcc/x86_64-linux-gnu/9]
  collapse library dir [/usr/lib/gcc/x86_64-linux-gnu/9/../../../../lib64] ==> [/usr/lib64]
  collapse library dir [/lib/x86_64-linux-gnu] ==> [/lib/x86_64-linux-gnu]
  collapse library dir [/lib/../lib64] ==> [/lib64]
  collapse library dir [/usr/lib/x86_64-linux-gnu] ==> [/usr/lib/x86_64-linux-gnu]
  collapse library dir [/usr/lib/../lib64] ==> [/usr/lib64]
  collapse library dir [/lib] ==> [/lib]
  collapse library dir [/usr/lib] ==> [/usr/lib]
  collapse library dir [/usr/local/cuda/lib64/stubs] ==> [/usr/local/cuda/lib64/stubs]
  implicit libs: [m;unwind;c;unwind]
  implicit objs: [/lib/x86_64-linux-gnu/Scrt1.o;/lib/x86_64-linux-gnu/crti.o;/usr/lib/gcc/x86_64-linux-gnu/9/crtbeginS.o;/usr/lib/gcc/x86_64-linux-gnu/9/crtendS.o;/lib/x86_64-linux-gnu/crtn.o]
  implicit dirs: [/content/madrona_rl_envs/external/madrona/external/madrona-toolchain/bundled-toolchain/toolchain/lib/x86_64-pc-linux-gnu;/usr/lib/gcc/x86_64-linux-gnu/9;/usr/lib64;/lib/x86_64-linux-gnu;/lib64;/usr/lib/x86_64-linux-gnu;/lib;/usr/lib;/usr/local/cuda/lib64/stubs]
  implicit fwks: []


